--------------------
./configure --prefix=/home/firemax/Eltex/EltexSummerSchool/Practika19/zlib-1.2.13/_install
Пт 03 окт 2025 13:51:40 +07
Checking for gcc...
=== ztest73553.c ===
extern int getchar();
int hello() {return getchar();}
===
gcc -c ztest73553.c
... using gcc

Checking for obsessive-compulsive compiler options...
=== ztest73553.c ===
int foo() { return 0; }
===
gcc -c -O3 ztest73553.c

Checking for shared library support...
=== ztest73553.c ===
extern int getchar();
int hello() {return getchar();}
===
gcc -w -c -O3 -fPIC ztest73553.c
gcc -shared -Wl,-soname,libz.so.1,--version-script,zlib.map -O3 -fPIC -o ztest73553.so ztest73553.o
Building shared library libz.so.1.2.13 with gcc.

=== ztest73553.c ===
#include <stdio.h>
#include <stdlib.h>
size_t dummy = 0;
===
gcc -c -O3 ztest73553.c
Checking for size_t... Yes.

=== ztest73553.c ===
#include <sys/types.h>
off64_t dummy = 0;
===
gcc -c -O3 -D_LARGEFILE64_SOURCE=1 ztest73553.c
Checking for off64_t... Yes.
Checking for fseeko... Yes.

=== ztest73553.c ===
#include <string.h>
#include <errno.h>
int main() { return strlen(strerror(errno)); }
===
gcc -O3 -D_LARGEFILE64_SOURCE=1 -o ztest73553 ztest73553.c
Checking for strerror... Yes.

=== ztest73553.c ===
#include <unistd.h>
int main() { return 0; }
===
gcc -c -O3 -D_LARGEFILE64_SOURCE=1 ztest73553.c
Checking for unistd.h... Yes.

=== ztest73553.c ===
#include <stdarg.h>
int main() { return 0; }
===
gcc -c -O3 -D_LARGEFILE64_SOURCE=1 ztest73553.c
Checking for stdarg.h... Yes.

=== ztest73553.c ===
#include <stdio.h>
#include <stdarg.h>
#include "zconf.h"
int main()
{
#ifndef STDC
  choke me
#endif
  return 0;
}
===
gcc -c -O3 -D_LARGEFILE64_SOURCE=1 ztest73553.c
Checking whether to use vs[n]printf() or s[n]printf()... using vs[n]printf().

=== ztest73553.c ===
#include <stdio.h>
#include <stdarg.h>
int mytest(const char *fmt, ...)
{
  char buf[20];
  va_list ap;
  va_start(ap, fmt);
  vsnprintf(buf, sizeof(buf), fmt, ap);
  va_end(ap);
  return 0;
}
int main()
{
  return (mytest("Hello%d\n", 1));
}
===
gcc -O3 -D_LARGEFILE64_SOURCE=1 -o ztest73553 ztest73553.c
Checking for vsnprintf() in stdio.h... Yes.

=== ztest73553.c ===
#include <stdio.h>
#include <stdarg.h>
int mytest(const char *fmt, ...)
{
  int n;
  char buf[20];
  va_list ap;
  va_start(ap, fmt);
  n = vsnprintf(buf, sizeof(buf), fmt, ap);
  va_end(ap);
  return n;
}
int main()
{
  return (mytest("Hello%d\n", 1));
}
===
gcc -c -O3 -D_LARGEFILE64_SOURCE=1 ztest73553.c
Checking for return value of vsnprintf()... Yes.

=== ztest73553.c ===
#define ZLIB_INTERNAL __attribute__((visibility ("hidden")))
int ZLIB_INTERNAL foo;
int main()
{
  return 0;
}
===
gcc -c -O3 -D_LARGEFILE64_SOURCE=1 ztest73553.c
Checking for attribute(visibility) support... Yes.

ALL = static shared all64
AR = ar
ARFLAGS = rc
CC = gcc
CFLAGS = -O3 -D_LARGEFILE64_SOURCE=1 -DHAVE_HIDDEN
CPP =
EXE =
LDCONFIG = ldconfig
LDFLAGS =
LDSHARED = gcc -shared -Wl,-soname,libz.so.1,--version-script,zlib.map
LDSHAREDLIBC = -lc
OBJC = $(OBJZ) $(OBJG)
PIC_OBJC = $(PIC_OBJZ) $(PIC_OBJG)
RANLIB = ranlib
SFLAGS = -O3 -fPIC -D_LARGEFILE64_SOURCE=1 -DHAVE_HIDDEN
SHAREDLIB = libz.so
SHAREDLIBM = libz.so.1
SHAREDLIBV = libz.so.1.2.13
STATICLIB = libz.a
TEST = all teststatic testshared test64
VER = 1.2.13
SRCDIR =
exec_prefix = ${prefix}
includedir = ${prefix}/include
libdir = ${exec_prefix}/lib
mandir = ${prefix}/share/man
prefix = /home/firemax/Eltex/EltexSummerSchool/Practika19/zlib-1.2.13/_install
sharedlibdir = ${libdir}
uname = Linux
--------------------


--------------------
./configure --prefix=/home/firemax/Eltex/EltexSummerSchool/Practika19/zlib-1.2.13/_install
Пт 03 окт 2025 13:52:18 +07
=== ztest75670.c ===
extern int getchar();
int hello() {return getchar();}
===
arm-linux-gnueabihf-gcc -c ztest75670.c
... using gcc

Checking for obsessive-compulsive compiler options...
=== ztest75670.c ===
int foo() { return 0; }
===
arm-linux-gnueabihf-gcc -c -O3 ztest75670.c

Checking for shared library support...
=== ztest75670.c ===
extern int getchar();
int hello() {return getchar();}
===
arm-linux-gnueabihf-gcc -w -c -O3 -fPIC ztest75670.c
arm-linux-gnueabihf-gcc -shared -Wl,-soname,libz.so.1,--version-script,zlib.map -O3 -fPIC -o ztest75670.so ztest75670.o
Building shared library libz.so.1.2.13 with arm-linux-gnueabihf-gcc.

=== ztest75670.c ===
#include <stdio.h>
#include <stdlib.h>
size_t dummy = 0;
===
arm-linux-gnueabihf-gcc -c -O3 ztest75670.c
Checking for size_t... Yes.

=== ztest75670.c ===
#include <sys/types.h>
off64_t dummy = 0;
===
arm-linux-gnueabihf-gcc -c -O3 -D_LARGEFILE64_SOURCE=1 ztest75670.c
Checking for off64_t... Yes.
Checking for fseeko... Yes.

=== ztest75670.c ===
#include <string.h>
#include <errno.h>
int main() { return strlen(strerror(errno)); }
===
arm-linux-gnueabihf-gcc -O3 -D_LARGEFILE64_SOURCE=1 -o ztest75670 ztest75670.c
Checking for strerror... Yes.

=== ztest75670.c ===
#include <unistd.h>
int main() { return 0; }
===
arm-linux-gnueabihf-gcc -c -O3 -D_LARGEFILE64_SOURCE=1 ztest75670.c
Checking for unistd.h... Yes.

=== ztest75670.c ===
#include <stdarg.h>
int main() { return 0; }
===
arm-linux-gnueabihf-gcc -c -O3 -D_LARGEFILE64_SOURCE=1 ztest75670.c
Checking for stdarg.h... Yes.

=== ztest75670.c ===
#include <stdio.h>
#include <stdarg.h>
#include "zconf.h"
int main()
{
#ifndef STDC
  choke me
#endif
  return 0;
}
===
arm-linux-gnueabihf-gcc -c -O3 -D_LARGEFILE64_SOURCE=1 ztest75670.c
Checking whether to use vs[n]printf() or s[n]printf()... using vs[n]printf().

=== ztest75670.c ===
#include <stdio.h>
#include <stdarg.h>
int mytest(const char *fmt, ...)
{
  char buf[20];
  va_list ap;
  va_start(ap, fmt);
  vsnprintf(buf, sizeof(buf), fmt, ap);
  va_end(ap);
  return 0;
}
int main()
{
  return (mytest("Hello%d\n", 1));
}
===
arm-linux-gnueabihf-gcc -O3 -D_LARGEFILE64_SOURCE=1 -o ztest75670 ztest75670.c
Checking for vsnprintf() in stdio.h... Yes.

=== ztest75670.c ===
#include <stdio.h>
#include <stdarg.h>
int mytest(const char *fmt, ...)
{
  int n;
  char buf[20];
  va_list ap;
  va_start(ap, fmt);
  n = vsnprintf(buf, sizeof(buf), fmt, ap);
  va_end(ap);
  return n;
}
int main()
{
  return (mytest("Hello%d\n", 1));
}
===
arm-linux-gnueabihf-gcc -c -O3 -D_LARGEFILE64_SOURCE=1 ztest75670.c
Checking for return value of vsnprintf()... Yes.

=== ztest75670.c ===
#define ZLIB_INTERNAL __attribute__((visibility ("hidden")))
int ZLIB_INTERNAL foo;
int main()
{
  return 0;
}
===
arm-linux-gnueabihf-gcc -c -O3 -D_LARGEFILE64_SOURCE=1 ztest75670.c
Checking for attribute(visibility) support... Yes.

ALL = static shared all64
AR = ar
ARFLAGS = rc
CC = arm-linux-gnueabihf-gcc
CFLAGS = -O3 -D_LARGEFILE64_SOURCE=1 -DHAVE_HIDDEN
CPP =
EXE =
LDCONFIG = ldconfig
LDFLAGS =
LDSHARED = arm-linux-gnueabihf-gcc -shared -Wl,-soname,libz.so.1,--version-script,zlib.map
LDSHAREDLIBC = -lc
OBJC = $(OBJZ) $(OBJG)
PIC_OBJC = $(PIC_OBJZ) $(PIC_OBJG)
RANLIB = ranlib
SFLAGS = -O3 -fPIC -D_LARGEFILE64_SOURCE=1 -DHAVE_HIDDEN
SHAREDLIB = libz.so
SHAREDLIBM = libz.so.1
SHAREDLIBV = libz.so.1.2.13
STATICLIB = libz.a
TEST = all teststatic testshared test64
VER = 1.2.13
SRCDIR =
exec_prefix = ${prefix}
includedir = ${prefix}/include
libdir = ${exec_prefix}/lib
mandir = ${prefix}/share/man
prefix = /home/firemax/Eltex/EltexSummerSchool/Practika19/zlib-1.2.13/_install
sharedlibdir = ${libdir}
uname = Linux
--------------------


--------------------
./configure --prefix=/home/firemax/Eltex/EltexSummerSchool/Practika19/zlib-1.2.13/_install
Пт 03 окт 2025 17:02:06 +07
=== ztest11244.c ===
extern int getchar();
int hello() {return getchar();}
===
arm-linux-gnueabihf-gcc -c ztest11244.c
... using gcc

Checking for obsessive-compulsive compiler options...
=== ztest11244.c ===
int foo() { return 0; }
===
arm-linux-gnueabihf-gcc -c -O3 ztest11244.c

Checking for shared library support...
=== ztest11244.c ===
extern int getchar();
int hello() {return getchar();}
===
arm-linux-gnueabihf-gcc -w -c -O3 -fPIC ztest11244.c
arm-linux-gnueabihf-gcc -shared -Wl,-soname,libz.so.1,--version-script,zlib.map -O3 -fPIC -o ztest11244.so ztest11244.o
Building shared library libz.so.1.2.13 with arm-linux-gnueabihf-gcc.

=== ztest11244.c ===
#include <stdio.h>
#include <stdlib.h>
size_t dummy = 0;
===
arm-linux-gnueabihf-gcc -c -O3 ztest11244.c
Checking for size_t... Yes.

=== ztest11244.c ===
#include <sys/types.h>
off64_t dummy = 0;
===
arm-linux-gnueabihf-gcc -c -O3 -D_LARGEFILE64_SOURCE=1 ztest11244.c
Checking for off64_t... Yes.
Checking for fseeko... Yes.

=== ztest11244.c ===
#include <string.h>
#include <errno.h>
int main() { return strlen(strerror(errno)); }
===
arm-linux-gnueabihf-gcc -O3 -D_LARGEFILE64_SOURCE=1 -o ztest11244 ztest11244.c
Checking for strerror... Yes.

=== ztest11244.c ===
#include <unistd.h>
int main() { return 0; }
===
arm-linux-gnueabihf-gcc -c -O3 -D_LARGEFILE64_SOURCE=1 ztest11244.c
Checking for unistd.h... Yes.

=== ztest11244.c ===
#include <stdarg.h>
int main() { return 0; }
===
arm-linux-gnueabihf-gcc -c -O3 -D_LARGEFILE64_SOURCE=1 ztest11244.c
Checking for stdarg.h... Yes.

=== ztest11244.c ===
#include <stdio.h>
#include <stdarg.h>
#include "zconf.h"
int main()
{
#ifndef STDC
  choke me
#endif
  return 0;
}
===
arm-linux-gnueabihf-gcc -c -O3 -D_LARGEFILE64_SOURCE=1 ztest11244.c
Checking whether to use vs[n]printf() or s[n]printf()... using vs[n]printf().

=== ztest11244.c ===
#include <stdio.h>
#include <stdarg.h>
int mytest(const char *fmt, ...)
{
  char buf[20];
  va_list ap;
  va_start(ap, fmt);
  vsnprintf(buf, sizeof(buf), fmt, ap);
  va_end(ap);
  return 0;
}
int main()
{
  return (mytest("Hello%d\n", 1));
}
===
arm-linux-gnueabihf-gcc -O3 -D_LARGEFILE64_SOURCE=1 -o ztest11244 ztest11244.c
Checking for vsnprintf() in stdio.h... Yes.

=== ztest11244.c ===
#include <stdio.h>
#include <stdarg.h>
int mytest(const char *fmt, ...)
{
  int n;
  char buf[20];
  va_list ap;
  va_start(ap, fmt);
  n = vsnprintf(buf, sizeof(buf), fmt, ap);
  va_end(ap);
  return n;
}
int main()
{
  return (mytest("Hello%d\n", 1));
}
===
arm-linux-gnueabihf-gcc -c -O3 -D_LARGEFILE64_SOURCE=1 ztest11244.c
Checking for return value of vsnprintf()... Yes.

=== ztest11244.c ===
#define ZLIB_INTERNAL __attribute__((visibility ("hidden")))
int ZLIB_INTERNAL foo;
int main()
{
  return 0;
}
===
arm-linux-gnueabihf-gcc -c -O3 -D_LARGEFILE64_SOURCE=1 ztest11244.c
Checking for attribute(visibility) support... Yes.

ALL = static shared all64
AR = ar
ARFLAGS = rc
CC = arm-linux-gnueabihf-gcc
CFLAGS = -O3 -D_LARGEFILE64_SOURCE=1 -DHAVE_HIDDEN
CPP =
EXE =
LDCONFIG = ldconfig
LDFLAGS =
LDSHARED = arm-linux-gnueabihf-gcc -shared -Wl,-soname,libz.so.1,--version-script,zlib.map
LDSHAREDLIBC = -lc
OBJC = $(OBJZ) $(OBJG)
PIC_OBJC = $(PIC_OBJZ) $(PIC_OBJG)
RANLIB = ranlib
SFLAGS = -O3 -fPIC -D_LARGEFILE64_SOURCE=1 -DHAVE_HIDDEN
SHAREDLIB = libz.so
SHAREDLIBM = libz.so.1
SHAREDLIBV = libz.so.1.2.13
STATICLIB = libz.a
TEST = all teststatic testshared test64
VER = 1.2.13
SRCDIR =
exec_prefix = ${prefix}
includedir = ${prefix}/include
libdir = ${exec_prefix}/lib
mandir = ${prefix}/share/man
prefix = /home/firemax/Eltex/EltexSummerSchool/Practika19/zlib-1.2.13/_install
sharedlibdir = ${libdir}
uname = Linux
--------------------


--------------------
./configure --prefix=/home/firemax/Eltex/EltexSummerSchool/Practika19/zlib-1.2.13/_install
Пт 03 окт 2025 17:04:15 +07
=== ztest16930.c ===
extern int getchar();
int hello() {return getchar();}
===
arm-linux-gnueabihf-gcc -c ztest16930.c
... using gcc

Checking for obsessive-compulsive compiler options...
=== ztest16930.c ===
int foo() { return 0; }
===
arm-linux-gnueabihf-gcc -c -O3 ztest16930.c

Checking for shared library support...
=== ztest16930.c ===
extern int getchar();
int hello() {return getchar();}
===
arm-linux-gnueabihf-gcc -w -c -O3 -fPIC ztest16930.c
arm-linux-gnueabihf-gcc -shared -Wl,-soname,libz.so.1,--version-script,zlib.map -O3 -fPIC -o ztest16930.so ztest16930.o
Building shared library libz.so.1.2.13 with arm-linux-gnueabihf-gcc.

=== ztest16930.c ===
#include <stdio.h>
#include <stdlib.h>
size_t dummy = 0;
===
arm-linux-gnueabihf-gcc -c -O3 ztest16930.c
Checking for size_t... Yes.

=== ztest16930.c ===
#include <sys/types.h>
off64_t dummy = 0;
===
arm-linux-gnueabihf-gcc -c -O3 -D_LARGEFILE64_SOURCE=1 ztest16930.c
Checking for off64_t... Yes.
Checking for fseeko... Yes.

=== ztest16930.c ===
#include <string.h>
#include <errno.h>
int main() { return strlen(strerror(errno)); }
===
arm-linux-gnueabihf-gcc -O3 -D_LARGEFILE64_SOURCE=1 -o ztest16930 ztest16930.c
Checking for strerror... Yes.

=== ztest16930.c ===
#include <unistd.h>
int main() { return 0; }
===
arm-linux-gnueabihf-gcc -c -O3 -D_LARGEFILE64_SOURCE=1 ztest16930.c
Checking for unistd.h... Yes.

=== ztest16930.c ===
#include <stdarg.h>
int main() { return 0; }
===
arm-linux-gnueabihf-gcc -c -O3 -D_LARGEFILE64_SOURCE=1 ztest16930.c
Checking for stdarg.h... Yes.

=== ztest16930.c ===
#include <stdio.h>
#include <stdarg.h>
#include "zconf.h"
int main()
{
#ifndef STDC
  choke me
#endif
  return 0;
}
===
arm-linux-gnueabihf-gcc -c -O3 -D_LARGEFILE64_SOURCE=1 ztest16930.c
Checking whether to use vs[n]printf() or s[n]printf()... using vs[n]printf().

=== ztest16930.c ===
#include <stdio.h>
#include <stdarg.h>
int mytest(const char *fmt, ...)
{
  char buf[20];
  va_list ap;
  va_start(ap, fmt);
  vsnprintf(buf, sizeof(buf), fmt, ap);
  va_end(ap);
  return 0;
}
int main()
{
  return (mytest("Hello%d\n", 1));
}
===
arm-linux-gnueabihf-gcc -O3 -D_LARGEFILE64_SOURCE=1 -o ztest16930 ztest16930.c
Checking for vsnprintf() in stdio.h... Yes.

=== ztest16930.c ===
#include <stdio.h>
#include <stdarg.h>
int mytest(const char *fmt, ...)
{
  int n;
  char buf[20];
  va_list ap;
  va_start(ap, fmt);
  n = vsnprintf(buf, sizeof(buf), fmt, ap);
  va_end(ap);
  return n;
}
int main()
{
  return (mytest("Hello%d\n", 1));
}
===
arm-linux-gnueabihf-gcc -c -O3 -D_LARGEFILE64_SOURCE=1 ztest16930.c
Checking for return value of vsnprintf()... Yes.

=== ztest16930.c ===
#define ZLIB_INTERNAL __attribute__((visibility ("hidden")))
int ZLIB_INTERNAL foo;
int main()
{
  return 0;
}
===
arm-linux-gnueabihf-gcc -c -O3 -D_LARGEFILE64_SOURCE=1 ztest16930.c
Checking for attribute(visibility) support... Yes.

ALL = static shared all64
AR = ar
ARFLAGS = rc
CC = arm-linux-gnueabihf-gcc
CFLAGS = -O3 -D_LARGEFILE64_SOURCE=1 -DHAVE_HIDDEN
CPP =
EXE =
LDCONFIG = ldconfig
LDFLAGS =
LDSHARED = arm-linux-gnueabihf-gcc -shared -Wl,-soname,libz.so.1,--version-script,zlib.map
LDSHAREDLIBC = -lc
OBJC = $(OBJZ) $(OBJG)
PIC_OBJC = $(PIC_OBJZ) $(PIC_OBJG)
RANLIB = ranlib
SFLAGS = -O3 -fPIC -D_LARGEFILE64_SOURCE=1 -DHAVE_HIDDEN
SHAREDLIB = libz.so
SHAREDLIBM = libz.so.1
SHAREDLIBV = libz.so.1.2.13
STATICLIB = libz.a
TEST = all teststatic testshared test64
VER = 1.2.13
SRCDIR =
exec_prefix = ${prefix}
includedir = ${prefix}/include
libdir = ${exec_prefix}/lib
mandir = ${prefix}/share/man
prefix = /home/firemax/Eltex/EltexSummerSchool/Practika19/zlib-1.2.13/_install
sharedlibdir = ${libdir}
uname = Linux
--------------------


--------------------
./configure --prefix=/home/firemax/Eltex/EltexSummerSchool/Practika19/zlib-1.2.13/_install
Пт 03 окт 2025 17:05:10 +07
=== ztest19453.c ===
extern int getchar();
int hello() {return getchar();}
===
arm-linux-gnueabihf-gcc -c ztest19453.c
... using gcc

Checking for obsessive-compulsive compiler options...
=== ztest19453.c ===
int foo() { return 0; }
===
arm-linux-gnueabihf-gcc -c -O3 ztest19453.c

Checking for shared library support...
=== ztest19453.c ===
extern int getchar();
int hello() {return getchar();}
===
arm-linux-gnueabihf-gcc -w -c -O3 -fPIC ztest19453.c
arm-linux-gnueabihf-gcc -shared -Wl,-soname,libz.so.1,--version-script,zlib.map -O3 -fPIC -o ztest19453.so ztest19453.o
Building shared library libz.so.1.2.13 with arm-linux-gnueabihf-gcc.

=== ztest19453.c ===
#include <stdio.h>
#include <stdlib.h>
size_t dummy = 0;
===
arm-linux-gnueabihf-gcc -c -O3 ztest19453.c
Checking for size_t... Yes.

=== ztest19453.c ===
#include <sys/types.h>
off64_t dummy = 0;
===
arm-linux-gnueabihf-gcc -c -O3 -D_LARGEFILE64_SOURCE=1 ztest19453.c
Checking for off64_t... Yes.
Checking for fseeko... Yes.

=== ztest19453.c ===
#include <string.h>
#include <errno.h>
int main() { return strlen(strerror(errno)); }
===
arm-linux-gnueabihf-gcc -O3 -D_LARGEFILE64_SOURCE=1 -o ztest19453 ztest19453.c
Checking for strerror... Yes.

=== ztest19453.c ===
#include <unistd.h>
int main() { return 0; }
===
arm-linux-gnueabihf-gcc -c -O3 -D_LARGEFILE64_SOURCE=1 ztest19453.c
Checking for unistd.h... Yes.

=== ztest19453.c ===
#include <stdarg.h>
int main() { return 0; }
===
arm-linux-gnueabihf-gcc -c -O3 -D_LARGEFILE64_SOURCE=1 ztest19453.c
Checking for stdarg.h... Yes.

=== ztest19453.c ===
#include <stdio.h>
#include <stdarg.h>
#include "zconf.h"
int main()
{
#ifndef STDC
  choke me
#endif
  return 0;
}
===
arm-linux-gnueabihf-gcc -c -O3 -D_LARGEFILE64_SOURCE=1 ztest19453.c
Checking whether to use vs[n]printf() or s[n]printf()... using vs[n]printf().

=== ztest19453.c ===
#include <stdio.h>
#include <stdarg.h>
int mytest(const char *fmt, ...)
{
  char buf[20];
  va_list ap;
  va_start(ap, fmt);
  vsnprintf(buf, sizeof(buf), fmt, ap);
  va_end(ap);
  return 0;
}
int main()
{
  return (mytest("Hello%d\n", 1));
}
===
arm-linux-gnueabihf-gcc -O3 -D_LARGEFILE64_SOURCE=1 -o ztest19453 ztest19453.c
Checking for vsnprintf() in stdio.h... Yes.

=== ztest19453.c ===
#include <stdio.h>
#include <stdarg.h>
int mytest(const char *fmt, ...)
{
  int n;
  char buf[20];
  va_list ap;
  va_start(ap, fmt);
  n = vsnprintf(buf, sizeof(buf), fmt, ap);
  va_end(ap);
  return n;
}
int main()
{
  return (mytest("Hello%d\n", 1));
}
===
arm-linux-gnueabihf-gcc -c -O3 -D_LARGEFILE64_SOURCE=1 ztest19453.c
Checking for return value of vsnprintf()... Yes.

=== ztest19453.c ===
#define ZLIB_INTERNAL __attribute__((visibility ("hidden")))
int ZLIB_INTERNAL foo;
int main()
{
  return 0;
}
===
arm-linux-gnueabihf-gcc -c -O3 -D_LARGEFILE64_SOURCE=1 ztest19453.c
Checking for attribute(visibility) support... Yes.

ALL = static shared all64
AR = ar
ARFLAGS = rc
CC = arm-linux-gnueabihf-gcc
CFLAGS = -O3 -D_LARGEFILE64_SOURCE=1 -DHAVE_HIDDEN
CPP =
EXE =
LDCONFIG = ldconfig
LDFLAGS =
LDSHARED = arm-linux-gnueabihf-gcc -shared -Wl,-soname,libz.so.1,--version-script,zlib.map
LDSHAREDLIBC = -lc
OBJC = $(OBJZ) $(OBJG)
PIC_OBJC = $(PIC_OBJZ) $(PIC_OBJG)
RANLIB = ranlib
SFLAGS = -O3 -fPIC -D_LARGEFILE64_SOURCE=1 -DHAVE_HIDDEN
SHAREDLIB = libz.so
SHAREDLIBM = libz.so.1
SHAREDLIBV = libz.so.1.2.13
STATICLIB = libz.a
TEST = all teststatic testshared test64
VER = 1.2.13
SRCDIR =
exec_prefix = ${prefix}
includedir = ${prefix}/include
libdir = ${exec_prefix}/lib
mandir = ${prefix}/share/man
prefix = /home/firemax/Eltex/EltexSummerSchool/Practika19/zlib-1.2.13/_install
sharedlibdir = ${libdir}
uname = Linux
--------------------


